<?xml version="1.0" encoding="UTF-8"?>
<robot generator="Robot 3.1.2 (Python 3.8.2 on win32)" generated="20200505 17:25:53.845" rpa="false">
<suite id="s1" name="RTT" source="C:\Users\ktelkapally\git\test_next\RTT">
<suite id="s1-s1" name="Test" source="C:\Users\ktelkapally\git\test_next\RTT\test">
<suite id="s1-s1-s1" name="TestSuite1" source="C:\Users\ktelkapally\git\test_next\RTT\test\TestSuite1.robot">
<kw name="Log" library="BuiltIn" type="setup">
<doc>Logs the given message with the given level.</doc>
<arguments>
<arg>Suite4 setup</arg>
</arguments>
<msg timestamp="20200505 17:25:54.263" level="INFO">Suite4 setup</msg>
<status status="PASS" starttime="20200505 17:25:54.263" endtime="20200505 17:25:54.264"></status>
</kw>
<test id="s1-s1-s1-t1" name="MySecondTest">
<kw name="Log" library="BuiltIn" type="setup">
<doc>Logs the given message with the given level.</doc>
<arguments>
<arg>test case setup</arg>
</arguments>
<msg timestamp="20200505 17:25:54.266" level="INFO">test case setup</msg>
<status status="PASS" starttime="20200505 17:25:54.266" endtime="20200505 17:25:54.266"></status>
</kw>
<kw name="Log" library="BuiltIn">
<doc>Logs the given message with the given level.</doc>
<arguments>
<arg>Hello World second test</arg>
</arguments>
<msg timestamp="20200505 17:25:54.267" level="INFO">Hello World second test</msg>
<status status="PASS" starttime="20200505 17:25:54.267" endtime="20200505 17:25:54.267"></status>
</kw>
<kw name="Log" library="BuiltIn" type="teardown">
<doc>Logs the given message with the given level.</doc>
<arguments>
<arg>test tesrdown</arg>
</arguments>
<msg timestamp="20200505 17:25:54.268" level="INFO">test tesrdown</msg>
<status status="PASS" starttime="20200505 17:25:54.268" endtime="20200505 17:25:54.268"></status>
</kw>
<tags>
<tag>reg1</tag>
</tags>
<status status="PASS" starttime="20200505 17:25:54.264" endtime="20200505 17:25:54.269" critical="yes"></status>
</test>
<kw name="Log" library="BuiltIn" type="teardown">
<doc>Logs the given message with the given level.</doc>
<arguments>
<arg>Suite teardown</arg>
</arguments>
<msg timestamp="20200505 17:25:54.270" level="INFO">Suite teardown</msg>
<status status="PASS" starttime="20200505 17:25:54.270" endtime="20200505 17:25:54.270"></status>
</kw>
<status status="PASS" starttime="20200505 17:25:53.966" endtime="20200505 17:25:54.271"></status>
</suite>
<status status="PASS" starttime="20200505 17:25:53.962" endtime="20200505 17:25:54.273"></status>
</suite>
<status status="PASS" starttime="20200505 17:25:53.918" endtime="20200505 17:25:54.274"></status>
</suite>
<statistics>
<total>
<stat pass="1" fail="0">Critical Tests</stat>
<stat pass="1" fail="0">All Tests</stat>
</total>
<tag>
<stat pass="1" fail="0">reg1</stat>
</tag>
<suite>
<stat pass="1" fail="0" id="s1" name="RTT">RTT</stat>
<stat pass="1" fail="0" id="s1-s1" name="Test">RTT.Test</stat>
<stat pass="1" fail="0" id="s1-s1-s1" name="TestSuite1">RTT.Test.TestSuite1</stat>
</suite>
</statistics>
<errors>
</errors>
</robot>
